# JRE version: OpenJDK Runtime Environment Temurin-21.0.3+9 (21.0.3+9) (build 21.0.3+9-LTS)
# Java VM: OpenJDK 64-Bit Server VM Temurin-21.0.3+9 (21.0.3+9-LTS, mixed mode, emulated-client, tiered, compressed oops, compressed class ptrs, g1 gc, windows-amd64)
GC Precious Log:
 CardTable entry size: 512
 Card Set container configuration: InlinePtr #cards 5 size 8 Array Of Cards #cards 12 size 40 Howl #buckets 4 coarsen threshold 1843 Howl Bitmap #cards 512 size 80 coarsen threshold 460 Card regions per heap region 1 cards per card region 2048
 CPUs: 4 total, 4 available
 Memory: 4012M
 Large Page Support: Disabled
 NUMA Support: Disabled
 Compressed Oops: Enabled (32-bit)
 Heap Region Size: 1M
 Heap Min Capacity: 8M
 Heap Initial Capacity: 64M
 Heap Max Capacity: 1G
 Pre-touch: Disabled
 Parallel Workers: 4
 Concurrent Workers: 1
 Concurrent Refinement Workers: 4
 Periodic GC: Disabled
Heap:
 garbage-first heap   total 97280K, used 38509K [0x00000000c0000000, 0x0000000100000000)
  region size 1024K, 1 young (1024K), 0 survivors (0K)
 Metaspace       used 65332K, committed 65984K, reserved 1114112K
  class space    used 7554K, committed 7872K, reserved 1048576K
GC Heap History (20 events):
Event: 19294.938 GC heap after
{Heap after GC invocations=1833 (full 1813):
 garbage-first heap   total 97280K, used 38509K [0x00000000c0000000, 0x0000000100000000)
  region size 1024K, 0 young (0K), 0 survivors (0K)
 Metaspace       used 65332K, committed 65984K, reserved 1114112K
  class space    used 7554K, committed 7872K, reserved 1048576K
}
Event: 19305.468 GC heap before
{Heap before GC invocations=1833 (full 1813):
 garbage-first heap   total 97280K, used 38509K [0x00000000c0000000, 0x0000000100000000)
  region size 1024K, 1 young (1024K), 0 survivors (0K)
 Metaspace       used 65332K, committed 65984K, reserved 1114112K
  class space    used 7554K, committed 7872K, reserved 1048576K
}
Event: 19305.534 GC heap after
{Heap after GC invocations=1834 (full 1814):
 garbage-first heap   total 97280K, used 38509K [0x00000000c0000000, 0x0000000100000000)
  region size 1024K, 0 young (0K), 0 survivors (0K)
 Metaspace       used 65332K, committed 65984K, reserved 1114112K
  class space    used 7554K, committed 7872K, reserved 1048576K
}
Event: 19315.898 GC heap before
{Heap before GC invocations=1834 (full 1814):
 garbage-first heap   total 97280K, used 38509K [0x00000000c0000000, 0x0000000100000000)
  region size 1024K, 1 young (1024K), 0 survivors (0K)
 Metaspace       used 65332K, committed 65984K, reserved 1114112K
  class space    used 7554K, committed 7872K, reserved 1048576K
}
Event: 19315.964 GC heap after
{Heap after GC invocations=1835 (full 1815):
 garbage-first heap   total 97280K, used 38509K [0x00000000c0000000, 0x0000000100000000)
  region size 1024K, 0 young (0K), 0 survivors (0K)
 Metaspace       used 65332K, committed 65984K, reserved 1114112K
  class space    used 7554K, committed 7872K, reserved 1048576K
}
Event: 19326.226 GC heap before
{Heap before GC invocations=1835 (full 1815):
 garbage-first heap   total 97280K, used 38509K [0x00000000c0000000, 0x0000000100000000)
  region size 1024K, 1 young (1024K), 0 survivors (0K)
 Metaspace       used 65332K, committed 65984K, reserved 1114112K
  class space    used 7554K, committed 7872K, reserved 1048576K
}
Event: 19326.292 GC heap after
{Heap after GC invocations=1836 (full 1816):
 garbage-first heap   total 97280K, used 38509K [0x00000000c0000000, 0x0000000100000000)
  region size 1024K, 0 young (0K), 0 survivors (0K)
 Metaspace       used 65332K, committed 65984K, reserved 1114112K
  class space    used 7554K, committed 7872K, reserved 1048576K
}
Event: 19336.635 GC heap before
{Heap before GC invocations=1836 (full 1816):
 garbage-first heap   total 97280K, used 38509K [0x00000000c0000000, 0x0000000100000000)
  region size 1024K, 1 young (1024K), 0 survivors (0K)
 Metaspace       used 65332K, committed 65984K, reserved 1114112K
  class space    used 7554K, committed 7872K, reserved 1048576K
}
Event: 19336.699 GC heap after
{Heap after GC invocations=1837 (full 1817):
 garbage-first heap   total 97280K, used 38509K [0x00000000c0000000, 0x0000000100000000)
  region size 1024K, 0 young (0K), 0 survivors (0K)
 Metaspace       used 65332K, committed 65984K, reserved 1114112K
  class space    used 7554K, committed 7872K, reserved 1048576K
}
Event: 19347.026 GC heap before
{Heap before GC invocations=1837 (full 1817):
 garbage-first heap   total 97280K, used 38509K [0x00000000c0000000, 0x0000000100000000)
  region size 1024K, 1 young (1024K), 0 survivors (0K)
 Metaspace       used 65332K, committed 65984K, reserved 1114112K
  class space    used 7554K, committed 7872K, reserved 1048576K
}
Event: 19347.097 GC heap after
{Heap after GC invocations=1838 (full 1818):
 garbage-first heap   total 97280K, used 38509K [0x00000000c0000000, 0x0000000100000000)
  region size 1024K, 0 young (0K), 0 survivors (0K)
 Metaspace       used 65332K, committed 65984K, reserved 1114112K
  class space    used 7554K, committed 7872K, reserved 1048576K
}
Event: 19357.598 GC heap before
{Heap before GC invocations=1838 (full 1818):
 garbage-first heap   total 97280K, used 38509K [0x00000000c0000000, 0x0000000100000000)
  region size 1024K, 1 young (1024K), 0 survivors (0K)
 Metaspace       used 65332K, committed 65984K, reserved 1114112K
  class space    used 7554K, committed 7872K, reserved 1048576K
}
Event: 19357.668 GC heap after
{Heap after GC invocations=1839 (full 1819):
 garbage-first heap   total 97280K, used 38509K [0x00000000c0000000, 0x0000000100000000)
  region size 1024K, 0 young (0K), 0 survivors (0K)
 Metaspace       used 65332K, committed 65984K, reserved 1114112K
  class space    used 7554K, committed 7872K, reserved 1048576K
}
Event: 19369.400 GC heap before
{Heap before GC invocations=1839 (full 1819):
 garbage-first heap   total 97280K, used 38509K [0x00000000c0000000, 0x0000000100000000)
  region size 1024K, 1 young (1024K), 0 survivors (0K)
 Metaspace       used 65332K, committed 65984K, reserved 1114112K
  class space    used 7554K, committed 7872K, reserved 1048576K
}
Event: 19369.469 GC heap after
{Heap after GC invocations=1840 (full 1820):
 garbage-first heap   total 97280K, used 38509K [0x00000000c0000000, 0x0000000100000000)
  region size 1024K, 0 young (0K), 0 survivors (0K)
 Metaspace       used 65332K, committed 65984K, reserved 1114112K
  class space    used 7554K, committed 7872K, reserved 1048576K
}
Event: 19380.342 GC heap before
{Heap before GC invocations=1840 (full 1820):
 garbage-first heap   total 97280K, used 38509K [0x00000000c0000000, 0x0000000100000000)
  region size 1024K, 1 young (1024K), 0 survivors (0K)
 Metaspace       used 65332K, committed 65984K, reserved 1114112K
  class space    used 7554K, committed 7872K, reserved 1048576K
}
Event: 19380.410 GC heap after
{Heap after GC invocations=1841 (full 1821):
 garbage-first heap   total 97280K, used 38509K [0x00000000c0000000, 0x0000000100000000)
  region size 1024K, 0 young (0K), 0 survivors (0K)
 Metaspace       used 65332K, committed 65984K, reserved 1114112K
  class space    used 7554K, committed 7872K, reserved 1048576K
}
Event: 19391.044 GC heap before
{Heap before GC invocations=1841 (full 1821):
 garbage-first heap   total 97280K, used 38509K [0x00000000c0000000, 0x0000000100000000)
  region size 1024K, 1 young (1024K), 0 survivors (0K)
 Metaspace       used 65332K, committed 65984K, reserved 1114112K
  class space    used 7554K, committed 7872K, reserved 1048576K
}
Event: 19391.109 GC heap after
{Heap after GC invocations=1842 (full 1822):
 garbage-first heap   total 97280K, used 38509K [0x00000000c0000000, 0x0000000100000000)
  region size 1024K, 0 young (0K), 0 survivors (0K)
 Metaspace       used 65332K, committed 65984K, reserved 1114112K
  class space    used 7554K, committed 7872K, reserved 1048576K
}
Event: 19401.215 GC heap before
{Heap before GC invocations=1842 (full 1822):
 garbage-first heap   total 97280K, used 38509K [0x00000000c0000000, 0x0000000100000000)
  region size 1024K, 1 young (1024K), 0 survivors (0K)
 Metaspace       used 65332K, committed 65984K, reserved 1114112K
  class space    used 7554K, committed 7872K, reserved 1048576K
}

